<?xml version="1.0" encoding="UTF-8"?>
<!-- Generated by org.testng.reporters.JUnitReportReporter -->
<testsuite skipped="0" hostname="Madhurs-MacBook-Air.local" name="com.tests.LoginPageTest" tests="1" failures="0" timestamp="26 Jul 2020 10:18:13 GMT" time="36.062" errors="0">
  <testcase name="loginTest" time="36.062" classname="com.tests.LoginPageTest"/>
</testsuite> <!-- com.tests.LoginPageTest -->
