<?xml version="1.0" encoding="UTF-8"?>
<!-- Generated by org.testng.reporters.JUnitReportReporter -->
<testsuite skipped="0" hostname="Madhurs-MacBook-Air.local" name="com.tests.HomePageTest" tests="1" failures="0" timestamp="26 Jul 2020 10:24:45 GMT" time="8.030" errors="0">
  <testcase name="loginTest" time="8.030" classname="com.tests.HomePageTest"/>
</testsuite> <!-- com.tests.HomePageTest -->
